[debug] [2021-07-25T20:09:29.300Z] ----------------------------------------------------------------------
[debug] [2021-07-25T20:09:29.307Z] Command:       C:\Program Files\nodejs\node.exe C:\Users\damai\AppData\Roaming\npm\node_modules\firebase-tools\lib\bin\firebase.js emulators:start --only functions
[debug] [2021-07-25T20:09:29.308Z] CLI Version:   9.8.0
[debug] [2021-07-25T20:09:29.308Z] Platform:      win32
[debug] [2021-07-25T20:09:29.308Z] Node Version:  v14.16.0
[debug] [2021-07-25T20:09:29.311Z] Time:          Sun Jul 25 2021 16:09:29 GMT-0400 (Bolivia Time)
[debug] [2021-07-25T20:09:29.312Z] ----------------------------------------------------------------------
[debug] 
[debug] [2021-07-25T20:09:29.334Z] > command requires scopes: ["email","openid","https://www.googleapis.com/auth/cloudplatformprojects.readonly","https://www.googleapis.com/auth/firebase","https://www.googleapis.com/auth/cloud-platform"]
[debug] [2021-07-25T20:09:29.335Z] > authorizing via signed-in user
[info] i  emulators: Starting emulators: functions {"metadata":{"emulator":{"name":"hub"},"message":"Starting emulators: functions"}}
[debug] [2021-07-25T20:09:29.421Z] [hub] writing locator at C:\Users\damai\AppData\Local\Temp\hub-planwithgratitude.json
[warn] !  functions: The following emulators are not running, calls to these services from the Functions emulator will affect production: auth, firestore, database, hosting, pubsub {"metadata":{"emulator":{"name":"functions"},"message":"The following emulators are not running, calls to these services from the Functions emulator will affect production: \u001b[1mauth, firestore, database, hosting, pubsub\u001b[22m"}}
[warn] !  Your requested "node" version "12" doesn't match your global version "14" {"metadata":{"emulator":{"name":"functions"},"message":"Your requested \"node\" version \"12\" doesn't match your global version \"14\""}}
[debug] [2021-07-25T20:09:29.495Z] defaultcredentials: writing to file C:\Users\damai\AppData\Roaming\firebase\damain_wjatt_com_application_default_credentials.json
[debug] [2021-07-25T20:09:29.500Z] Setting GAC to C:\Users\damai\AppData\Roaming\firebase\damain_wjatt_com_application_default_credentials.json {"metadata":{"emulator":{"name":"functions"},"message":"Setting GAC to C:\\Users\\damai\\AppData\\Roaming\\firebase\\damain_wjatt_com_application_default_credentials.json"}}
[debug] [2021-07-25T20:09:29.507Z] >>> [apiv2][query] GET https://firebase.googleapis.com/v1beta1/projects/planwithgratitude/adminSdkConfig [none]
[debug] [2021-07-25T20:09:29.985Z] <<< [apiv2][status] GET https://firebase.googleapis.com/v1beta1/projects/planwithgratitude/adminSdkConfig 200
[debug] [2021-07-25T20:09:29.986Z] <<< [apiv2][body] GET https://firebase.googleapis.com/v1beta1/projects/planwithgratitude/adminSdkConfig {"projectId":"planwithgratitude","storageBucket":"planwithgratitude.appspot.com"}
[debug] [2021-07-25T20:09:30.021Z] Ignoring unsupported arg: auto_download {"metadata":{"emulator":{"name":"ui"},"message":"Ignoring unsupported arg: auto_download"}}
[debug] [2021-07-25T20:09:30.022Z] Ignoring unsupported arg: port {"metadata":{"emulator":{"name":"ui"},"message":"Ignoring unsupported arg: port"}}
[debug] [2021-07-25T20:09:30.023Z] Starting Emulator UI with command {"binary":"node","args":["C:\\Users\\damai\\.cache\\firebase\\emulators\\ui-v1.4.2\\server.bundle.js"],"optionalArgs":[],"joinArgs":false} {"metadata":{"emulator":{"name":"ui"},"message":"Starting Emulator UI with command {\"binary\":\"node\",\"args\":[\"C:\\\\Users\\\\damai\\\\.cache\\\\firebase\\\\emulators\\\\ui-v1.4.2\\\\server.bundle.js\"],\"optionalArgs\":[],\"joinArgs\":false}"}}
[info] i  ui: Emulator UI logging to ui-debug.log {"metadata":{"emulator":{"name":"ui"},"message":"Emulator UI logging to \u001b[1mui-debug.log\u001b[22m"}}
[debug] [2021-07-25T20:09:30.325Z] Web / API server started at http://localhost:4000
 {"metadata":{"emulator":{"name":"ui"},"message":"Web / API server started at http://localhost:4000\n"}}
[info] i  functions: Watching "C:\Users\damai\Documents\code\planner\functions" for Cloud Functions... {"metadata":{"emulator":{"name":"functions"},"message":"Watching \"C:\\Users\\damai\\Documents\\code\\planner\\functions\" for Cloud Functions..."}}
[debug] [2021-07-25T20:09:30.618Z] [worker-pool] addWorker(~diagnostic~) {"metadata":{"emulator":{"name":"functions"},"message":"[worker-pool] addWorker(~diagnostic~)"}}
[debug] [2021-07-25T20:09:30.619Z] [worker-pool] Adding worker with key ~diagnostic~, total=1 {"metadata":{"emulator":{"name":"functions"},"message":"[worker-pool] Adding worker with key ~diagnostic~, total=1"}}
[debug] [2021-07-25T20:09:30.620Z] [worker-pool] submitWork(triggerId=) {"metadata":{"emulator":{"name":"functions"},"message":"[worker-pool] submitWork(triggerId=)"}}
[debug] [2021-07-25T20:09:30.621Z] [worker-~diagnostic~-e60efbc0-0a93-4a3e-9615-802753dfb66d]: Assigning socketPath: \\?\pipe\C:\Users\damai\Documents\code\planner\functions\24928 {"metadata":{"emulator":{"name":"functions"},"message":"[worker-~diagnostic~-e60efbc0-0a93-4a3e-9615-802753dfb66d]: Assigning socketPath: \\\\?\\pipe\\C:\\Users\\damai\\Documents\\code\\planner\\functions\\24928"}}
[debug] [2021-07-25T20:09:30.624Z] [worker-~diagnostic~-e60efbc0-0a93-4a3e-9615-802753dfb66d]: BUSY {"metadata":{"emulator":{"name":"functions"},"message":"[worker-~diagnostic~-e60efbc0-0a93-4a3e-9615-802753dfb66d]: BUSY"}}
[debug] [2021-07-25T20:09:31.169Z] [runtime-status] [24928] Functions runtime initialized. {"cwd":"C:\\Users\\damai\\Documents\\code\\planner\\functions","node_version":"14.16.0"} {"metadata":{"emulator":{"name":"functions"},"message":"[runtime-status] [24928] Functions runtime initialized. {\"cwd\":\"C:\\\\Users\\\\damai\\\\Documents\\\\code\\\\planner\\\\functions\",\"node_version\":\"14.16.0\"}"}}
[debug] [2021-07-25T20:09:31.171Z] [runtime-status] [24928] Disabled runtime features: undefined {"metadata":{"emulator":{"name":"functions"},"message":"[runtime-status] [24928] Disabled runtime features: undefined"}}
[debug] [2021-07-25T20:09:31.179Z] [runtime-status] [24928] Resolved module firebase-admin {"declared":true,"installed":true,"version":"9.11.0","resolution":"C:\\Users\\damai\\Documents\\code\\planner\\functions\\node_modules\\firebase-admin\\lib\\index.js"} {"metadata":{"emulator":{"name":"functions"},"message":"[runtime-status] [24928] Resolved module firebase-admin {\"declared\":true,\"installed\":true,\"version\":\"9.11.0\",\"resolution\":\"C:\\\\Users\\\\damai\\\\Documents\\\\code\\\\planner\\\\functions\\\\node_modules\\\\firebase-admin\\\\lib\\\\index.js\"}"}}
[debug] [2021-07-25T20:09:31.183Z] [runtime-status] [24928] Resolved module firebase-functions {"declared":true,"installed":true,"version":"3.14.1","resolution":"C:\\Users\\damai\\Documents\\code\\planner\\functions\\node_modules\\firebase-functions\\lib\\index.js"} {"metadata":{"emulator":{"name":"functions"},"message":"[runtime-status] [24928] Resolved module firebase-functions {\"declared\":true,\"installed\":true,\"version\":\"3.14.1\",\"resolution\":\"C:\\\\Users\\\\damai\\\\Documents\\\\code\\\\planner\\\\functions\\\\node_modules\\\\firebase-functions\\\\lib\\\\index.js\"}"}}
[debug] [2021-07-25T20:09:31.187Z] [runtime-status] [24928] Resolved module firebase-functions {"declared":true,"installed":true,"version":"3.14.1","resolution":"C:\\Users\\damai\\Documents\\code\\planner\\functions\\node_modules\\firebase-functions\\lib\\index.js"} {"metadata":{"emulator":{"name":"functions"},"message":"[runtime-status] [24928] Resolved module firebase-functions {\"declared\":true,\"installed\":true,\"version\":\"3.14.1\",\"resolution\":\"C:\\\\Users\\\\damai\\\\Documents\\\\code\\\\planner\\\\functions\\\\node_modules\\\\firebase-functions\\\\lib\\\\index.js\"}"}}
[debug] [2021-07-25T20:09:31.192Z] [runtime-status] [24928] Outgoing network have been stubbed. [{"name":"http","status":"mocked"},{"name":"http","status":"mocked"},{"name":"https","status":"mocked"},{"name":"https","status":"mocked"},{"name":"net","status":"mocked"}] {"metadata":{"emulator":{"name":"functions"},"message":"[runtime-status] [24928] Outgoing network have been stubbed. [{\"name\":\"http\",\"status\":\"mocked\"},{\"name\":\"http\",\"status\":\"mocked\"},{\"name\":\"https\",\"status\":\"mocked\"},{\"name\":\"https\",\"status\":\"mocked\"},{\"name\":\"net\",\"status\":\"mocked\"}]"}}
[debug] [2021-07-25T20:09:31.193Z] [runtime-status] [24928] Resolved module firebase-functions {"declared":true,"installed":true,"version":"3.14.1","resolution":"C:\\Users\\damai\\Documents\\code\\planner\\functions\\node_modules\\firebase-functions\\lib\\index.js"} {"metadata":{"emulator":{"name":"functions"},"message":"[runtime-status] [24928] Resolved module firebase-functions {\"declared\":true,\"installed\":true,\"version\":\"3.14.1\",\"resolution\":\"C:\\\\Users\\\\damai\\\\Documents\\\\code\\\\planner\\\\functions\\\\node_modules\\\\firebase-functions\\\\lib\\\\index.js\"}"}}
[debug] [2021-07-25T20:09:31.317Z] [runtime-status] [24928] Checked functions.config() {"config":{}} {"metadata":{"emulator":{"name":"functions"},"message":"[runtime-status] [24928] Checked functions.config() {\"config\":{}}"}}
[debug] [2021-07-25T20:09:31.318Z] [runtime-status] [24928] firebase-functions has been stubbed. {"functionsResolution":{"declared":true,"installed":true,"version":"3.14.1","resolution":"C:\\Users\\damai\\Documents\\code\\planner\\functions\\node_modules\\firebase-functions\\lib\\index.js"}} {"metadata":{"emulator":{"name":"functions"},"message":"[runtime-status] [24928] firebase-functions has been stubbed. {\"functionsResolution\":{\"declared\":true,\"installed\":true,\"version\":\"3.14.1\",\"resolution\":\"C:\\\\Users\\\\damai\\\\Documents\\\\code\\\\planner\\\\functions\\\\node_modules\\\\firebase-functions\\\\lib\\\\index.js\"}}"}}
[debug] [2021-07-25T20:09:31.320Z] [runtime-status] [24928] Resolved module firebase-functions {"declared":true,"installed":true,"version":"3.14.1","resolution":"C:\\Users\\damai\\Documents\\code\\planner\\functions\\node_modules\\firebase-functions\\lib\\index.js"} {"metadata":{"emulator":{"name":"functions"},"message":"[runtime-status] [24928] Resolved module firebase-functions {\"declared\":true,\"installed\":true,\"version\":\"3.14.1\",\"resolution\":\"C:\\\\Users\\\\damai\\\\Documents\\\\code\\\\planner\\\\functions\\\\node_modules\\\\firebase-functions\\\\lib\\\\index.js\"}"}}
[debug] [2021-07-25T20:09:31.325Z] [runtime-status] [24928] Resolved module firebase-admin {"declared":true,"installed":true,"version":"9.11.0","resolution":"C:\\Users\\damai\\Documents\\code\\planner\\functions\\node_modules\\firebase-admin\\lib\\index.js"} {"metadata":{"emulator":{"name":"functions"},"message":"[runtime-status] [24928] Resolved module firebase-admin {\"declared\":true,\"installed\":true,\"version\":\"9.11.0\",\"resolution\":\"C:\\\\Users\\\\damai\\\\Documents\\\\code\\\\planner\\\\functions\\\\node_modules\\\\firebase-admin\\\\lib\\\\index.js\"}"}}
[debug] [2021-07-25T20:09:31.326Z] [runtime-status] [24928] Resolved module firebase-functions {"declared":true,"installed":true,"version":"3.14.1","resolution":"C:\\Users\\damai\\Documents\\code\\planner\\functions\\node_modules\\firebase-functions\\lib\\index.js"} {"metadata":{"emulator":{"name":"functions"},"message":"[runtime-status] [24928] Resolved module firebase-functions {\"declared\":true,\"installed\":true,\"version\":\"3.14.1\",\"resolution\":\"C:\\\\Users\\\\damai\\\\Documents\\\\code\\\\planner\\\\functions\\\\node_modules\\\\firebase-functions\\\\lib\\\\index.js\"}"}}
[debug] [2021-07-25T20:09:31.327Z] [runtime-status] [24928] firebase-admin has been stubbed. {"adminResolution":{"declared":true,"installed":true,"version":"9.11.0","resolution":"C:\\Users\\damai\\Documents\\code\\planner\\functions\\node_modules\\firebase-admin\\lib\\index.js"}} {"metadata":{"emulator":{"name":"functions"},"message":"[runtime-status] [24928] firebase-admin has been stubbed. {\"adminResolution\":{\"declared\":true,\"installed\":true,\"version\":\"9.11.0\",\"resolution\":\"C:\\\\Users\\\\damai\\\\Documents\\\\code\\\\planner\\\\functions\\\\node_modules\\\\firebase-admin\\\\lib\\\\index.js\"}}"}}
[info] +  functions[graphql]: http function initialized (http://localhost:5001/planwithgratitude/us-central1/graphql). {"metadata":{"emulator":{"name":"functions"},"message":"\u001b[1mhttp\u001b[22m function initialized (http://localhost:5001/planwithgratitude/us-central1/graphql)."}}
[info] 
â”Œâ”€â”€â”€â”€â”€â”€â”€â”€â”€â”€â”€â”€â”€â”€â”€â”€â”€â”€â”€â”€â”€â”€â”€â”€â”€â”€â”€â”€â”€â”€â”€â”€â”€â”€â”€â”€â”€â”€â”€â”€â”€â”€â”€â”€â”€â”€â”€â”€â”€â”€â”€â”€â”€â”€â”€â”€â”€â”€â”€â”€â”€â”
â”‚ âœ”  All emulators ready! It is now safe to connect your app. â”‚
â”‚ i  View Emulator UI at http://localhost:4000                â”‚
â””â”€â”€â”€â”€â”€â”€â”€â”€â”€â”€â”€â”€â”€â”€â”€â”€â”€â”€â”€â”€â”€â”€â”€â”€â”€â”€â”€â”€â”€â”€â”€â”€â”€â”€â”€â”€â”€â”€â”€â”€â”€â”€â”€â”€â”€â”€â”€â”€â”€â”€â”€â”€â”€â”€â”€â”€â”€â”€â”€â”€â”€â”˜

â”Œâ”€â”€â”€â”€â”€â”€â”€â”€â”€â”€â”€â”¬â”€â”€â”€â”€â”€â”€â”€â”€â”€â”€â”€â”€â”€â”€â”€â”€â”¬â”€â”€â”€â”€â”€â”€â”€â”€â”€â”€â”€â”€â”€â”€â”€â”€â”€â”€â”€â”€â”€â”€â”€â”€â”€â”€â”€â”€â”€â”€â”€â”€â”€â”
â”‚ Emulator  â”‚ Host:Port      â”‚ View in Emulator UI             â”‚
â”œâ”€â”€â”€â”€â”€â”€â”€â”€â”€â”€â”€â”¼â”€â”€â”€â”€â”€â”€â”€â”€â”€â”€â”€â”€â”€â”€â”€â”€â”¼â”€â”€â”€â”€â”€â”€â”€â”€â”€â”€â”€â”€â”€â”€â”€â”€â”€â”€â”€â”€â”€â”€â”€â”€â”€â”€â”€â”€â”€â”€â”€â”€â”€â”¤
â”‚ Functions â”‚ localhost:5001 â”‚ http://localhost:4000/functions â”‚
â””â”€â”€â”€â”€â”€â”€â”€â”€â”€â”€â”€â”´â”€â”€â”€â”€â”€â”€â”€â”€â”€â”€â”€â”€â”€â”€â”€â”€â”´â”€â”€â”€â”€â”€â”€â”€â”€â”€â”€â”€â”€â”€â”€â”€â”€â”€â”€â”€â”€â”€â”€â”€â”€â”€â”€â”€â”€â”€â”€â”€â”€â”€â”˜
  Emulator Hub running at localhost:4400
  Other reserved ports: 4500

Issues? Report them at https://github.com/firebase/firebase-tools/issues and attach the *-debug.log files.
 
[info] >  Server has started ðŸš€ http://localhost:4004/graphql {"user":"Server has started ðŸš€ http://localhost:4004/graphql","metadata":{"emulator":{"name":"functions"},"message":"\u001b[90m> \u001b[39m Server has started ðŸš€ http://localhost:4004/graphql"}}
[debug] [2021-07-25T20:09:32.110Z] [worker-~diagnostic~-e60efbc0-0a93-4a3e-9615-802753dfb66d]: IDLE {"metadata":{"emulator":{"name":"functions"},"message":"[worker-~diagnostic~-e60efbc0-0a93-4a3e-9615-802753dfb66d]: IDLE"}}
